<?xml version="1.0" encoding="UTF-8"?>
<!-- Generated by org.testng.reporters.JUnitReportReporter -->
<testsuite skipped="0" hostname="TYSS-Praveen" name="com.automationscripts.AddToCartTest" tests="1" failures="0" timestamp="2023-06-15T15:30:56 IST" time="11.166" errors="0">
  <testcase name="addToCartTest" time="11.166" classname="com.automationscripts.AddToCartTest"/>
  <system-out/>
</testsuite> <!-- com.automationscripts.AddToCartTest -->
