<?xml version="1.0" encoding="UTF-8"?>
<!-- Generated by org.testng.reporters.JUnitReportReporter -->
<testsuite skipped="0" hostname="TYSS-Praveen" name="com.automationscripts.RegisterTest" tests="1" failures="0" timestamp="2023-06-15T16:01:40 IST" time="7.050" errors="0">
  <testcase name="registerTest" time="7.050" classname="com.automationscripts.RegisterTest"/>
  <system-out/>
</testsuite> <!-- com.automationscripts.RegisterTest -->
