<?xml version="1.0" encoding="UTF-8"?>
<!-- Generated by org.testng.reporters.JUnitReportReporter -->
<testsuite skipped="0" hostname="TYSS-Praveen" name="com.automationscripts.LoginTest" tests="1" failures="0" timestamp="2023-06-15T16:01:40 IST" time="7.658" errors="0">
  <testcase name="loginTest" time="7.658" classname="com.automationscripts.LoginTest"/>
  <system-out/>
</testsuite> <!-- com.automationscripts.LoginTest -->
