<?xml version="1.0" encoding="UTF-8"?>
<!-- Generated by org.testng.reporters.JUnitReportReporter -->
<testsuite hostname="TYSS-Praveen" failures="0" tests="1" name="com.automationscripts.Login" time="4.954" errors="0" timestamp="2023-06-14T12:45:32 IST" skipped="0">
  <testcase classname="com.automationscripts.Login" name="loginTest" time="4.954"/>
  <system-out/>
</testsuite> <!-- com.automationscripts.Login -->
