<?xml version="1.0" encoding="UTF-8"?>
<!-- Generated by org.testng.reporters.JUnitReportReporter -->
<testsuite hostname="TYSS-Praveen" failures="0" tests="1" name="projectscripts.DWS_Computer_10Test" time="4.756" errors="0" timestamp="2023-06-19T17:11:24 IST" skipped="0">
  <testcase classname="projectscripts.DWS_Computer_10Test" name="verifyEmailSent" time="4.756"/>
  <system-out/>
</testsuite> <!-- projectscripts.DWS_Computer_10Test -->
