<?xml version="1.0" encoding="UTF-8"?>
<!-- Generated by org.testng.reporters.JUnitReportReporter -->
<testsuite hostname="TYSS-Praveen" failures="0" tests="1" name="projectscripts.DWS_Computers_07Test" time="3.628" errors="0" timestamp="2023-06-19T15:14:39 IST" skipped="0">
  <testcase classname="projectscripts.DWS_Computers_07Test" name="filterByPrice" time="3.628"/>
  <system-out/>
</testsuite> <!-- projectscripts.DWS_Computers_07Test -->
