<?xml version="1.0" encoding="UTF-8"?>
<!-- Generated by org.testng.reporters.JUnitReportReporter -->
<testsuite hostname="TYSS-Praveen" failures="0" tests="1" name="projectscripts.DWS_Computers_05Test" time="3.765" errors="0" timestamp="2023-06-19T14:53:30 IST" skipped="0">
  <testcase classname="projectscripts.DWS_Computers_05Test" name="displayComputers" time="3.765"/>
  <system-out/>
</testsuite> <!-- projectscripts.DWS_Computers_05Test -->
