<?xml version="1.0" encoding="UTF-8"?>
<!-- Generated by org.testng.reporters.JUnitReportReporter -->
<testsuite hostname="TYSS-Praveen" failures="0" tests="1" name="projectscripts.DWS_Computers_04Test" time="3.616" errors="0" timestamp="2023-06-19T14:43:51 IST" skipped="0">
  <testcase classname="projectscripts.DWS_Computers_04Test" name="sortByName" time="3.616"/>
  <system-out/>
</testsuite> <!-- projectscripts.DWS_Computers_04Test -->
