<?xml version="1.0" encoding="UTF-8"?>
<!-- Generated by org.testng.reporters.JUnitReportReporter -->
<testsuite hostname="TYSS-Praveen" failures="0" tests="1" name="projectscripts.DWS_Computers_06Test" time="3.731" errors="0" timestamp="2023-06-19T15:07:43 IST" skipped="0">
  <testcase classname="projectscripts.DWS_Computers_06Test" name="listViewOfComputers" time="3.731"/>
  <system-out/>
</testsuite> <!-- projectscripts.DWS_Computers_06Test -->
