<?xml version="1.0" encoding="UTF-8"?>
<!-- Generated by org.testng.reporters.JUnitReportReporter -->
<testsuite hostname="TYSS-Praveen" failures="0" tests="1" name="com.automationscripts.LoginTest" time="5.631" errors="0" timestamp="2023-06-15T17:02:00 IST" skipped="0">
  <testcase classname="com.automationscripts.LoginTest" name="loginTest" time="5.631"/>
  <system-out/>
</testsuite> <!-- com.automationscripts.LoginTest -->
