<?xml version="1.0" encoding="UTF-8"?>
<!-- Generated by org.testng.reporters.JUnitReportReporter -->
<testsuite hostname="TYSS-Praveen" failures="0" tests="1" name="com.automationscripts.RegisterTest" time="5.643" errors="0" timestamp="2023-06-15T17:02:00 IST" skipped="0">
  <testcase classname="com.automationscripts.RegisterTest" name="registerTest" time="5.643"/>
  <system-out/>
</testsuite> <!-- com.automationscripts.RegisterTest -->
