<?xml version="1.0" encoding="UTF-8"?>
<!-- Generated by org.testng.reporters.JUnitReportReporter -->
<testsuite hostname="TYSS-Praveen" failures="0" tests="1" name="com.automationscripts.AddToCart" time="7.730" errors="0" timestamp="2023-06-14T14:40:53 IST" skipped="0">
  <testcase classname="com.automationscripts.AddToCart" name="addToCartTest" time="7.730"/>
  <system-out/>
</testsuite> <!-- com.automationscripts.AddToCart -->
