<?xml version="1.0" encoding="UTF-8"?>
<!-- Generated by org.testng.reporters.JUnitReportReporter -->
<testsuite hostname="TYSS-Praveen" failures="0" tests="1" name="projectscripts.DWS_Computers_09Test" time="7.802" errors="0" timestamp="2023-06-19T16:50:34 IST" skipped="0">
  <testcase classname="projectscripts.DWS_Computers_09Test" name="emailAFriend" time="7.802"/>
  <system-out/>
</testsuite> <!-- projectscripts.DWS_Computers_09Test -->
