<?xml version="1.0" encoding="UTF-8"?>
<!-- Generated by org.testng.reporters.JUnitReportReporter -->
<testsuite hostname="TYSS-Praveen" failures="0" tests="1" name="com.automationscripts.Register" time="5.364" errors="0" timestamp="2023-06-14T12:35:59 IST" skipped="0">
  <testcase classname="com.automationscripts.Register" name="registerTest" time="5.364"/>
  <system-out/>
</testsuite> <!-- com.automationscripts.Register -->
